commit 524c2925bff1d0fb7858011aa293d290c33d6678
Author: Xindi Xu <xx2673@cs.utexas.edu>
Date:   Wed Feb 20 13:34:17 2019 -0600

    add cache description

commit c37af918d274a9eb1c824c16ef0b91dd6338b8f5
Author: Xindi Xu <xx2673@cs.utexas.edu>
Date:   Wed Feb 20 13:21:01 2019 -0600

    connect to CS machine, sync

commit 4e0153d9cc8f1e23ec73a56b408d02bdbbf9b858
Author: Xindi Xu <xindixu@utexas.edu>
Date:   Tue Feb 19 17:00:52 2019 -0600

    test 2

commit 064b1debcb76be23e45eb712480daca71b3393c7
Author: Xindi Xu <xindixu@utexas.edu>
Date:   Tue Feb 19 15:42:46 2019 -0600

    make test

commit ac19bfa9a5b880a43ec433550e4724a82690e1ce
Author: Xindi Xu <xindixu@utexas.edu>
Date:   Tue Feb 19 15:32:55 2019 -0600

    init
