1:
2003
3.6
2003
3.4
2003
3.6
2003
4.4
2003
3.7
2003
3.8
2003
3.4
2003
3.7
10122:
2003
3.4
2003
2.8
2003
3.6
2003
3.6
2003
3.7
10123:
2003
3.5
2003
3.3
2003
3.8
2003
3.8
2003
3.6
2003
3.9
17770:
2003
3.8
2003
3.7
2003
3.1
2003
3.8
2003
2.9
2003
3.0
2003
3.0
2003
3.5
1778:
2003
4.2
2003
3.4
2003
3.8
2003
3.7
2003
3.8
2003
3.4
2003
3.8
1782:
2003
3.6
2003
3.1
2003
3.6
2003
3.1
2003
3.4
2003
3.4
2003
3.6
2003
3.2
2003
3.3
2003
3.7
2003
3.5
2003
4.1
2003
3.2
2003
3.5
2003
3.6
2003
3.8
2003
4.0
1783:
2003
3.6
2003
3.9
2003
3.6
2003
3.5
2003
3.8
2003
4.2
2003
3.8
2003
3.9
2003
3.7
2003
3.8
2003
4.1
2003
3.7
2003
4.1
2003
2.8
2003
3.4
2003
3.0
2003
3.6
2003
3.5
2003
3.9
2003
3.7
2003
3.6
2003
2.9
2003
3.9
2003
4.0
2003
3.7
2003
3.7
2003
4.2
2003
3.4
1787:
2003
4.0
2003
3.2
2003
3.9
2003
3.7
2003
4.4
2003
3.5
2003
3.2
2003
3.2
2003
3.5
1788:
2003
3.9
2003
4.0
2003
3.5
2003
3.7
2003
3.7
2003
3.9
2003
3.4
2003
3.6
2003
3.5
2003
3.6
2003
3.5
2003
3.6
2003
3.2
2003
3.1
2003
3.7
2003
3.9
2003
3.4
2003
3.8
2003
3.4
2003
3.7
2003
3.2
2003
3.3
2003
3.9
2003
4.2
1789:
2003
3.4
2003
3.1
2003
4.0
2003
3.5
2003
4.1
2003
4.0
2003
3.3
2003
3.6
2003
4.5
2003
3.4
2003
2.8
2003
3.8
2003
2.9
2003
3.8
2003
4.1
2003
3.7
2003
4.0
2003
3.6
2003
3.6
2003
3.6
2003
3.3
2003
3.6
2003
3.4
2003
3.4
2003
3.5
2003
3.7
2003
4.3
2003
3.4
2003
3.4
2000:
2003
3.7
2003
2.4
2003
3.8
2003
3.5
2003
3.9
2003
3.7
2003
3.3
2003
3.5
2003
3.8
2003
4.0
2003
3.8
2003
3.7
2003
4.1
2003
3.3
2003
3.7
2003
4.0
2003
3.8
2003
3.9
2003
4.1
2003
4.1
2003
3.5
2003
4.3
2003
3.7
2003
3.4
2003
3.9
2003
4.2
2003
3.6
2003
3.7
2002:
2003
3.0
2003
3.6
2004:
2003
3.2
2003
3.3
2003
3.8
2003
3.8
2003
2.8
2003
3.5
2003
3.6
2003
3.3
2003
3.3
2003
2.8
2003
3.2
2003
3.9
2003
4.0
2005:
2003
3.8
2006:
2003
3.1
2003
3.6
2003
3.6
2003
3.2
2003
3.6
2003
3.7
2003
3.1
2003
3.2
2003
3.6
2802:
2003
3.1
2003
4.2
2003
3.9
2003
3.9
2803:
2003
4.2
2003
3.7
2003
3.6
2003
4.0
2003
3.8
2003
3.5
2003
3.5
2003
3.2
2003
3.6
2003
3.8
2003
3.8
2003
3.8
2003
3.7
2003
4.1
2003
3.6
2003
3.9
2003
3.8
2003
3.2
2003
4.5
2003
4.0
2003
3.6
2003
3.8
2003
3.4
2003
3.8
2003
3.5
2003
4.0
2003
3.8
2003
4.1
3202:
2003
2.8
2003
3.0
2003
4.3
2003
3.3
2003
3.8
2003
4.2
3204:
2003
4.3
2003
3.7
2003
3.1
2003
3.6
2003
3.0
2003
3.2
2003
3.9
2003
3.1
2003
3.5
2003
3.1
3205:
2003
4.2
2003
3.7
2003
3.4
3207:
2003
3.9
2003
4.2
2003
3.9
2003
3.7
2003
3.6
2003
3.5
2003
3.6
2003
3.3
2003
3.5
3802:
2003
3.5
2003
3.6
2003
3.9
3803:
2003
3.4
2003
3.6
2003
3.5
2003
4.0
2003
3.6
2003
4.5
2003
3.7
2003
3.8
2003
3.3
2003
3.6
2003
3.9
2003
3.8
2003
4.1
2003
3.3
2003
4.3
2003
3.6
3804:
2003
3.1
2003
3.6
2003
3.5
2003
3.6
2003
3.6
2003
3.3
2003
3.6
2003
3.4
2003
3.5
2003
3.6
2003
4.0
2003
3.3
2003
3.7
2003
3.4
2003
3.7
2003
3.3
2003
3.6
2003
3.3
2003
3.7
2003
3.3
2003
3.3
2003
3.5
2003
3.4
2003
3.4
2003
3.7
2003
3.2
2003
3.7
2003
3.5
2003
3.4
3805:
2003
3.8
2003
3.5
2003
3.6
2003
3.4
3806:
2003
3.5
3807:
2003
3.6
2003
3.4
2003
3.5
2003
4.0
2003
2.9
2003
3.4
2003
2.5
2003
3.6
2003
4.1
2003
2.8
2003
3.0
2003
3.4
2003
3.3
2003
3.7
2003
3.4
2003
3.8
2003
3.4
2003
3.4
2003
3.5
2003
3.8
2003
3.8
4102:
2003
3.8
2003
3.7
2003
3.4
2003
4.0
2003
3.8
2003
3.5
2003
3.3
2003
3.9
2003
3.3
2003
3.5
2003
3.4
2003
4.1
4103:
2003
2.6
2003
3.6
2003
3.7
2003
3.1
2003
3.4
4104:
2003
3.5
2003
3.5
2003
4.5
2003
3.7
2003
3.6
2003
4.2
2003
3.9
2003
3.5
2003
4.4
2003
3.1
4402:
2003
3.7
2003
3.4
2003
3.6
2003
3.6
2003
3.4
2003
3.5
2003
3.8
2003
3.5
2003
4.1
2003
3.4
2003
3.9
2003
4.0
2003
2.9
2003
4.2
2003
4.2
2003
4.0
2003
3.5
2003
3.3
2003
3.9
2003
3.6
2003
3.4
2003
4.2
2003
3.6
2003
3.9
2003
3.2
2003
3.7
2003
3.7
2003
3.8
2003
3.9
2003
3.5
2003
3.9
2003
4.0
2003
3.5
2003
3.9
2003
3.3
2003
4.0
2003
3.5
4904:
2003
3.6
2003
3.5
2003
3.2
2003
3.8
2003
3.5
2003
3.8
2003
3.6
2003
3.3
2003
3.8
2003
3.6
2003
3.5
2003
4.0
2003
3.6
2003
3.0
2003
3.6
2003
3.7
2003
3.3
2003
3.5
2003
3.8
2003
3.2
2003
3.9
2003
3.2
2003
3.7
2003
3.1
2003
3.7
2003
3.9
2003
4.2
2003
3.6
2003
4.0
2003
3.3
2003
3.1
2003
3.4
2003
3.5
2003
3.6
2003
3.9
2003
3.9
2003
3.6
2003
3.2
2003
3.9
2003
3.1
2003
3.3
2003
3.7
2003
3.6
2003
3.3
2003
3.8
2003
3.2
2003
3.7
2003
3.4
2003
3.9
2003
3.6
2003
3.5
4905:
2003
2.6
4906:
2003
3.4
2003
3.4
2003
4.4
2003
4.2
2003
3.8
2003
3.4
2003
3.9
2003
4.0
2003
3.4
2003
3.8
2003
3.7
2003
3.5
2003
3.2
2003
3.8
5202:
2003
3.6
2003
4.1
2003
3.6
2003
3.8
2003
3.6
2003
3.4
2003
3.5
2003
3.9
2003
3.9
2003
3.8
2003
3.6
2003
3.3
2003
3.7
2003
4.1
2003
4.1
2003
3.9
5203:
2003
3.5
2003
3.7
2003
3.6
2003
4.2
2003
3.4
2003
3.5
2003
3.8
2003
3.6
2003
3.1
2003
3.7
5204:
2003
4.6
2003
3.9
2003
4.2
2003
3.6
2003
3.9
2003
3.8
2003
3.7
2003
3.5
2003
3.9
2003
4.2
2003
3.7
2003
3.5
2003
3.3
2003
4.2
2003
4.3
2003
4.0
2003
3.7
2003
3.8
2003
3.7
2003
3.9
2003
3.7
2003
3.8
2003
4.2
2003
3.2
2003
3.7
2003
4.0
5902:
2003
3.5
2003
3.5
2003
2.9
2003
3.3
2003
3.6
2003
3.4
5903:
2003
3.9
2003
3.8
2003
3.9
2003
3.5
2003
3.5
5904:
2003
3.3
2003
3.6
2003
3.4
2003
4.0
2003
4.3
5905:
2003
3.6
2003
3.9
5906:
2003
3.6
2003
3.3
2003
3.7
2003
3.4
2003
3.1
2003
3.8
2003
3.8
2003
3.9
2003
4.0
2003
3.4
2003
3.7
2003
3.7
2003
3.7
2003
3.8
2003
3.5
2003
3.8
6202:
2003
3.6
2003
3.9
2003
3.5
2003
3.5
2003
3.5
2003
3.3
2003
3.6
2003
3.6
2003
4.0
2003
4.0
2003
3.4
2003
3.8
2003
4.0
2003
3.6
2003
3.5
2003
3.4
6203:
2003
4.1
2003
3.9
2003
3.4
2003
3.9
2003
4.1
2003
4.0
6204:
2003
3.2
2003
3.8
2003
4.1
2003
3.7
2003
3.8
2003
3.9
2003
3.9
2003
3.8
2003
4.5
2003
3.5
2003
3.5
2003
4.1
2003
4.1
2003
3.6
2003
3.7
2003
4.3
2003
3.3
2003
3.8
2003
4.0
2003
3.5
2003
4.0
2003
3.7
2003
4.0
2003
3.6
2003
4.0
2003
3.5
2003
3.9
2003
3.9
2003
3.9
2003
4.0
2003
3.8
2003
3.7
2003
3.4
2003
3.8
2003
3.6
2003
3.6
2003
3.8
2003
4.1
2003
4.3
2003
3.4
2003
3.8
2003
3.7
2003
4.1
2003
3.5
2003
3.6
2003
3.8
2003
3.9
2003
3.6
2003
3.9
2003
3.6
2003
3.6
2003
4.2
2003
3.3
2003
4.4
2003
4.2
2003
3.8
2003
3.6
2003
4.2
2003
2.9
2003
4.0
6702:
2003
3.6
2003
4.0
2003
3.7
2003
3.6
2003
3.8
2003
3.8
2003
3.8
2003
3.7
2003
4.2
2003
3.5
2003
3.6
2003
3.5
2003
3.6
2003
3.5
2003
3.5
2003
3.8
2003
3.0
2003
3.8
2003
4.2
2003
3.8
2003
3.6
2003
3.7
2003
3.4
2003
3.6
2003
3.7
2003
3.8
2003
3.5
2003
4.0
2003
3.3
2003
3.8
2003
3.2
2003
4.4
2003
3.8
2003
3.7
2003
3.6
2003
3.6
2003
4.0
2003
3.2
2003
3.8
2003
3.3
2003
3.9
2003
4.0
2003
3.4
2003
3.8
2003
3.2
2003
3.8
2003
3.6
2003
3.9
2003
3.6
2003
3.2
2003
3.8
2003
3.6
2003
3.0
2003
3.9
2003
3.4
2003
3.3
2003
3.6
2003
3.5
2003
3.6
6732:
2003
3.2
2003
3.4
2003
3.7
6733:
2003
2.6
2003
3.8
2003
3.9
2003
3.3
2003
3.6
2003
3.7
2003
4.0
2003
3.3
6734:
2003
3.4
2003
3.6
2003
3.3
2003
3.4
2003
3.8
6735:
2003
3.7
2003
3.5
2003
3.8
2003
3.4
2003
3.9
2003
3.5
2003
3.5
2003
4.5
2003
4.2
2003
3.8
2003
3.4
2003
4.3
2003
3.3
2003
3.3
2003
4.3
2003
3.4
2003
3.1
2003
3.8
2003
4.0
2003
3.0
2003
3.7
2003
3.9
2003
3.4
7232:
2003
3.3
7233:
2003
3.3
2003
3.0
2003
3.9
2003
4.0
2003
3.8
2003
3.9
2003
3.7
2003
3.7
2003
4.0
2003
4.1
2003
3.8
2003
3.7
2003
4.0
2003
3.8
2003
3.7
2003
3.9
2003
3.6
2003
3.8
2003
3.7
2003
3.9
2003
4.0
2003
3.6
2003
3.7
2003
3.8
2003
3.6
2003
3.7
2003
3.5
2003
4.2
2003
3.2
2003
3.9
2003
3.5
2003
3.9
2003
3.9
2003
4.0
2003
3.9
2003
3.6
2003
3.9
2003
3.8
2003
3.5
2003
3.1
2003
3.5
2003
3.7
2003
4.0
2003
4.0
2003
3.6
2003
3.8
2003
3.9
2003
3.5
2003
4.1
2003
3.8
2003
3.5
2003
4.1
2003
3.5
2003
3.6
7932:
2003
3.9
2003
3.1
2003
3.7
2003
4.0
2003
3.4
2003
3.7
2003
3.6
2003
3.4
2003
3.9
7933:
2003
4.3
2003
3.2
2003
3.5
2003
3.5
2003
4.1
2003
3.3
2003
3.4
2003
3.8
2003
4.0
2003
3.2
2003
3.1
2003
3.3
2003
3.2
2003
3.5
7934:
2003
3.4
2003
3.7
2003
3.6
2003
3.7
2003
3.7
2003
3.0
2003
4.4
2003
3.7
2003
3.6
2003
4.2
2003
3.5
2003
3.9
2003
4.4
2003
3.7
2003
4.1
2003
3.9
2003
3.6
8932:
2003
3.2
2003
3.5
8933:
2003
3.5
2003
4.1
8934:
2003
3.9
2003
3.5
2003
4.5
2003
3.2
2003
3.5
8935:
2003
4.1
2003
3.6
2003
3.4
2003
3.8
2003
3.7
2003
3.7
2003
3.2
2003
4.1
2003
3.4
2003
3.7
2003
3.7
2003
3.4
2003
4.0
2003
3.6
2003
3.4
2003
3.8
2003
3.4
2003
4.2
2003
3.5
9232:
2003
3.5
2003
3.2
2003
3.0
2003
3.4
2003
4.0
2003
2.5
2003
3.5
2003
3.5
2003
3.3
2003
3.8
2003
3.6
2003
3.2
2003
3.4
2003
3.4
2003
3.4
2003
2.7
2003
3.3
2003
4.1
2003
3.3
2003
3.5
2003
3.1
2003
2.9
2003
3.3
2003
3.4
2003
3.3
2003
3.7
2003
3.6
2003
3.6
2003
3.6
2003
4.1
2003
3.4
2003
3.9
2003
4.0
2003
3.3
2003
3.4
2003
3.7
9832:
2003
2.9
2003
3.2
2003
3.4
9833:
2003
3.4
2003
3.5
2003
3.8
2003
3.8
2003
3.8
2003
3.3
2003
3.8
2003
3.9
2003
3.3
2003
3.5
2003
4.2
2003
3.7
2003
3.6
2003
3.7
2003
3.9
2003
3.7
2003
3.3
2003
3.7
2003
4.0
2003
3.4
2003
3.2
9932:
2003
3.3
9934:
2003
2.9
9935:
2003
4.4
2003
4.0
2003
3.7
2003
3.5
2003
4.2
2003
3.8
2003
4.3
2003
3.2
2003
3.0
2003
4.0
2003
3.5
2003
3.8
2003
3.1
2003
4.1
9936:
2003
3.8
2003
3.1
2003
3.3
2003
3.7
2003
3.4
2003
4.2
2003
3.2
2003
3.3
2003
3.2
2003
3.0
2003
3.4
2003
4.1
9937:
2003
3.6
2003
3.2
2003
4.2
2003
3.6
2003
4.0
2003
3.7
2003
3.6
2003
3.7
2003
3.3
2003
3.9
2003
3.7
2003
3.6
2003
3.4
9938:
2003
3.1
2003
3.8
2003
3.6
2003
3.6
2003
3.3
2003
3.4
2003
3.4
2003
3.2
2003
3.1
2003
3.0
2003
3.6
rmse: 1.06041190572
1.06
